[2024-06-03 12:10:00,892] 181 apscheduler.scheduler - INFO -Scheduler started
[2024-06-03 12:10:04,496] 20 root - INFO -starting data ingestion
[2024-06-03 12:10:04,496] 25 root - INFO -Exporting data from casandra to feature store 
[2024-06-03 12:10:06,183] 1703 cassandra.cluster - WARNING -Downgrading core protocol version from 66 to 65 for e4d5a3c1-e93d-4762-b366-9ba2252f22f5-eu-west-1.db.astra.datastax.com:29042:98a2cd7e-fa1b-3950-942e-42af495c4248. To avoid this, it is best practice to explicitly set Cluster(protocol_version) to the version supported by your cluster. http://datastax.github.io/python-driver/api/cassandra/cluster.html#cassandra.cluster.Cluster.protocol_version
[2024-06-03 12:10:07,613] 1703 cassandra.cluster - WARNING -Downgrading core protocol version from 65 to 5 for e4d5a3c1-e93d-4762-b366-9ba2252f22f5-eu-west-1.db.astra.datastax.com:29042:98a2cd7e-fa1b-3950-942e-42af495c4248. To avoid this, it is best practice to explicitly set Cluster(protocol_version) to the version supported by your cluster. http://datastax.github.io/python-driver/api/cassandra/cluster.html#cassandra.cluster.Cluster.protocol_version
[2024-06-03 12:10:09,158] 1703 cassandra.cluster - WARNING -Downgrading core protocol version from 5 to 4 for e4d5a3c1-e93d-4762-b366-9ba2252f22f5-eu-west-1.db.astra.datastax.com:29042:98a2cd7e-fa1b-3950-942e-42af495c4248. To avoid this, it is best practice to explicitly set Cluster(protocol_version) to the version supported by your cluster. http://datastax.github.io/python-driver/api/cassandra/cluster.html#cassandra.cluster.Cluster.protocol_version
[2024-06-03 12:10:12,108] 292 cassandra.policies - INFO -Using datacenter 'eu-west-1' for DCAwareRoundRobinPolicy (via host 'e4d5a3c1-e93d-4762-b366-9ba2252f22f5-eu-west-1.db.astra.datastax.com:29042:98a2cd7e-fa1b-3950-942e-42af495c4248'); if incorrect, please specify a local_dc to the constructor, or limit contact points to local cluster nodes
[2024-06-03 12:10:12,109] 3863 cassandra.cluster - WARNING -Found multiple hosts with the same endpoint (e4d5a3c1-e93d-4762-b366-9ba2252f22f5-eu-west-1.db.astra.datastax.com:29042:98a2cd7e-fa1b-3950-942e-42af495c4248). Excluding peer 10.0.0.2
[2024-06-03 12:10:12,111] 2126 cassandra.cluster - INFO -Cassandra host e4d5a3c1-e93d-4762-b366-9ba2252f22f5-eu-west-1.db.astra.datastax.com:29042:00694036-11ec-39fb-8238-d79afd9b0e46 removed
[2024-06-03 12:10:19,139] 34 root - INFO -artifact-datainjection folder created 
[2024-06-03 12:10:19,162] 24 root - INFO -Data ingestion completed and artifact
[2024-06-03 12:10:19,165] 1745 main - ERROR -Exception on /train [GET]
Traceback (most recent call last):
  File "C:\Users\DELL\anaconda3\envs\pythonProject5\lib\site-packages\flask\app.py", line 2529, in wsgi_app
    response = self.full_dispatch_request()
  File "C:\Users\DELL\anaconda3\envs\pythonProject5\lib\site-packages\flask\app.py", line 1825, in full_dispatch_request
    rv = self.handle_user_exception(e)
  File "C:\Users\DELL\anaconda3\envs\pythonProject5\lib\site-packages\flask_cors\extension.py", line 178, in wrapped_function
    return cors_after_request(app.make_response(f(*args, **kwargs)))
  File "C:\Users\DELL\anaconda3\envs\pythonProject5\lib\site-packages\flask\app.py", line 1823, in full_dispatch_request
    rv = self.dispatch_request()
  File "C:\Users\DELL\anaconda3\envs\pythonProject5\lib\site-packages\flask\app.py", line 1799, in dispatch_request
    return self.ensure_sync(self.view_functions[rule.endpoint])(**view_args)
  File "C:\Users\DELL\anaconda3\envs\pythonProject5\lib\site-packages\flask_cors\decorator.py", line 130, in wrapped_function
    resp = make_response(f(*args, **kwargs))
  File "C:\Users\DELL\anaconda3\envs\pythonProject5\lib\site-packages\flask\helpers.py", line 209, in make_response
    return current_app.make_response(args)  # type: ignore
  File "C:\Users\DELL\anaconda3\envs\pythonProject5\lib\site-packages\flask\app.py", line 2139, in make_response
    f"The view function for {request.endpoint!r} did not"
TypeError: The view function for 'trainRouteClient' did not return a valid response. The function either returned None or ended without a return statement.
[2024-06-03 12:16:22,738] 1734 cassandra.connection - WARNING -Heartbeat failed for connection (2517403897544) to e4d5a3c1-e93d-4762-b366-9ba2252f22f5-eu-west-1.db.astra.datastax.com:29042:9e3a5bee-3d95-3bf7-90f5-09bd2177324b
[2024-06-03 12:16:22,850] 1734 cassandra.connection - WARNING -Heartbeat failed for connection (2517404124040) to e4d5a3c1-e93d-4762-b366-9ba2252f22f5-eu-west-1.db.astra.datastax.com:29042:0750e59f-441b-37bb-b0a7-e097c5d725f7
[2024-06-03 12:16:22,851] 1734 cassandra.connection - WARNING -Heartbeat failed for connection (2517404145672) to e4d5a3c1-e93d-4762-b366-9ba2252f22f5-eu-west-1.db.astra.datastax.com:29042:190dafab-6970-3a67-a21c-1226360de7dc
[2024-06-03 12:16:25,264] 1734 cassandra.connection - WARNING -Heartbeat failed for connection (2517404146440) to e4d5a3c1-e93d-4762-b366-9ba2252f22f5-eu-west-1.db.astra.datastax.com:29042:b4f6d9ed-0f1d-3f7a-82f1-a4a7ea4f84d4
[2024-06-03 12:16:25,265] 1734 cassandra.connection - WARNING -Heartbeat failed for connection (2517404161096) to e4d5a3c1-e93d-4762-b366-9ba2252f22f5-eu-west-1.db.astra.datastax.com:29042:0669df0f-031f-383e-b452-67a9679bbc6a
[2024-06-03 12:16:25,265] 1734 cassandra.connection - WARNING -Heartbeat failed for connection (2517404161672) to e4d5a3c1-e93d-4762-b366-9ba2252f22f5-eu-west-1.db.astra.datastax.com:29042:678e6a1d-e5b1-3cba-b949-7bfaf823957f
[2024-06-03 12:16:25,265] 1734 cassandra.connection - WARNING -Heartbeat failed for connection (2517404162952) to e4d5a3c1-e93d-4762-b366-9ba2252f22f5-eu-west-1.db.astra.datastax.com:29042:00958fd0-af98-391f-9f51-7e3fe763da5c
[2024-06-03 12:16:25,360] 1734 cassandra.connection - WARNING -Heartbeat failed for connection (2517404181000) to e4d5a3c1-e93d-4762-b366-9ba2252f22f5-eu-west-1.db.astra.datastax.com:29042:98a2cd7e-fa1b-3950-942e-42af495c4248
[2024-06-03 12:16:25,361] 1734 cassandra.connection - WARNING -Heartbeat failed for connection (2517403638536) to e4d5a3c1-e93d-4762-b366-9ba2252f22f5-eu-west-1.db.astra.datastax.com:29042:98a2cd7e-fa1b-3950-942e-42af495c4248
[2024-06-03 12:16:25,362] 2000 cassandra.cluster - WARNING -Host e4d5a3c1-e93d-4762-b366-9ba2252f22f5-eu-west-1.db.astra.datastax.com:29042:9e3a5bee-3d95-3bf7-90f5-09bd2177324b has been marked down
[2024-06-03 12:16:25,363] 2000 cassandra.cluster - WARNING -Host e4d5a3c1-e93d-4762-b366-9ba2252f22f5-eu-west-1.db.astra.datastax.com:29042:0750e59f-441b-37bb-b0a7-e097c5d725f7 has been marked down
[2024-06-03 12:16:25,363] 2000 cassandra.cluster - WARNING -Host e4d5a3c1-e93d-4762-b366-9ba2252f22f5-eu-west-1.db.astra.datastax.com:29042:190dafab-6970-3a67-a21c-1226360de7dc has been marked down
[2024-06-03 12:16:25,364] 2000 cassandra.cluster - WARNING -Host e4d5a3c1-e93d-4762-b366-9ba2252f22f5-eu-west-1.db.astra.datastax.com:29042:b4f6d9ed-0f1d-3f7a-82f1-a4a7ea4f84d4 has been marked down
[2024-06-03 12:16:25,364] 2000 cassandra.cluster - WARNING -Host e4d5a3c1-e93d-4762-b366-9ba2252f22f5-eu-west-1.db.astra.datastax.com:29042:0669df0f-031f-383e-b452-67a9679bbc6a has been marked down
[2024-06-03 12:16:25,364] 2000 cassandra.cluster - WARNING -Host e4d5a3c1-e93d-4762-b366-9ba2252f22f5-eu-west-1.db.astra.datastax.com:29042:678e6a1d-e5b1-3cba-b949-7bfaf823957f has been marked down
[2024-06-03 12:16:25,365] 2000 cassandra.cluster - WARNING -Host e4d5a3c1-e93d-4762-b366-9ba2252f22f5-eu-west-1.db.astra.datastax.com:29042:00958fd0-af98-391f-9f51-7e3fe763da5c has been marked down
[2024-06-03 12:16:25,365] 2000 cassandra.cluster - WARNING -Host e4d5a3c1-e93d-4762-b366-9ba2252f22f5-eu-west-1.db.astra.datastax.com:29042:98a2cd7e-fa1b-3950-942e-42af495c4248 has been marked down
[2024-06-03 12:16:27,917] 352 cassandra.pool - INFO -Successful reconnection to e4d5a3c1-e93d-4762-b366-9ba2252f22f5-eu-west-1.db.astra.datastax.com:29042:190dafab-6970-3a67-a21c-1226360de7dc, marking node up if it isn't already
[2024-06-03 12:16:27,918] 1900 cassandra.cluster - INFO -Host e4d5a3c1-e93d-4762-b366-9ba2252f22f5-eu-west-1.db.astra.datastax.com:29042:190dafab-6970-3a67-a21c-1226360de7dc may be up; will prepare queries and open connection pool
[2024-06-03 12:16:27,918] 352 cassandra.pool - INFO -Successful reconnection to e4d5a3c1-e93d-4762-b366-9ba2252f22f5-eu-west-1.db.astra.datastax.com:29042:0750e59f-441b-37bb-b0a7-e097c5d725f7, marking node up if it isn't already
[2024-06-03 12:16:27,919] 1900 cassandra.cluster - INFO -Host e4d5a3c1-e93d-4762-b366-9ba2252f22f5-eu-west-1.db.astra.datastax.com:29042:0750e59f-441b-37bb-b0a7-e097c5d725f7 may be up; will prepare queries and open connection pool
[2024-06-03 12:16:29,344] 352 cassandra.pool - INFO -Successful reconnection to e4d5a3c1-e93d-4762-b366-9ba2252f22f5-eu-west-1.db.astra.datastax.com:29042:0669df0f-031f-383e-b452-67a9679bbc6a, marking node up if it isn't already
[2024-06-03 12:16:29,344] 1900 cassandra.cluster - INFO -Host e4d5a3c1-e93d-4762-b366-9ba2252f22f5-eu-west-1.db.astra.datastax.com:29042:0669df0f-031f-383e-b452-67a9679bbc6a may be up; will prepare queries and open connection pool
[2024-06-03 12:16:29,348] 352 cassandra.pool - INFO -Successful reconnection to e4d5a3c1-e93d-4762-b366-9ba2252f22f5-eu-west-1.db.astra.datastax.com:29042:98a2cd7e-fa1b-3950-942e-42af495c4248, marking node up if it isn't already
[2024-06-03 12:16:29,348] 1900 cassandra.cluster - INFO -Host e4d5a3c1-e93d-4762-b366-9ba2252f22f5-eu-west-1.db.astra.datastax.com:29042:98a2cd7e-fa1b-3950-942e-42af495c4248 may be up; will prepare queries and open connection pool
[2024-06-03 12:16:30,635] 352 cassandra.pool - INFO -Successful reconnection to e4d5a3c1-e93d-4762-b366-9ba2252f22f5-eu-west-1.db.astra.datastax.com:29042:678e6a1d-e5b1-3cba-b949-7bfaf823957f, marking node up if it isn't already
[2024-06-03 12:16:30,635] 1900 cassandra.cluster - INFO -Host e4d5a3c1-e93d-4762-b366-9ba2252f22f5-eu-west-1.db.astra.datastax.com:29042:678e6a1d-e5b1-3cba-b949-7bfaf823957f may be up; will prepare queries and open connection pool
[2024-06-03 12:16:31,880] 352 cassandra.pool - INFO -Successful reconnection to e4d5a3c1-e93d-4762-b366-9ba2252f22f5-eu-west-1.db.astra.datastax.com:29042:00958fd0-af98-391f-9f51-7e3fe763da5c, marking node up if it isn't already
[2024-06-03 12:16:31,881] 1900 cassandra.cluster - INFO -Host e4d5a3c1-e93d-4762-b366-9ba2252f22f5-eu-west-1.db.astra.datastax.com:29042:00958fd0-af98-391f-9f51-7e3fe763da5c may be up; will prepare queries and open connection pool
[2024-06-03 12:16:32,670] 2115 cassandra.cluster - INFO -New Cassandra host <Host: e4d5a3c1-e93d-4762-b366-9ba2252f22f5-eu-west-1.db.astra.datastax.com:29042:00694036-11ec-39fb-8238-d79afd9b0e46 eu-west-1> discovered
[2024-06-03 12:16:32,670] 3863 cassandra.cluster - WARNING -Found multiple hosts with the same endpoint (e4d5a3c1-e93d-4762-b366-9ba2252f22f5-eu-west-1.db.astra.datastax.com:29042:0669df0f-031f-383e-b452-67a9679bbc6a). Excluding peer 10.0.0.5
[2024-06-03 12:16:32,671] 2126 cassandra.cluster - INFO -Cassandra host e4d5a3c1-e93d-4762-b366-9ba2252f22f5-eu-west-1.db.astra.datastax.com:29042:98a2cd7e-fa1b-3950-942e-42af495c4248 removed
[2024-06-03 12:16:33,184] 352 cassandra.pool - INFO -Successful reconnection to e4d5a3c1-e93d-4762-b366-9ba2252f22f5-eu-west-1.db.astra.datastax.com:29042:9e3a5bee-3d95-3bf7-90f5-09bd2177324b, marking node up if it isn't already
[2024-06-03 12:16:33,184] 1900 cassandra.cluster - INFO -Host e4d5a3c1-e93d-4762-b366-9ba2252f22f5-eu-west-1.db.astra.datastax.com:29042:9e3a5bee-3d95-3bf7-90f5-09bd2177324b may be up; will prepare queries and open connection pool
[2024-06-03 12:16:35,987] 352 cassandra.pool - INFO -Successful reconnection to e4d5a3c1-e93d-4762-b366-9ba2252f22f5-eu-west-1.db.astra.datastax.com:29042:b4f6d9ed-0f1d-3f7a-82f1-a4a7ea4f84d4, marking node up if it isn't already
[2024-06-03 12:16:35,987] 1900 cassandra.cluster - INFO -Host e4d5a3c1-e93d-4762-b366-9ba2252f22f5-eu-west-1.db.astra.datastax.com:29042:b4f6d9ed-0f1d-3f7a-82f1-a4a7ea4f84d4 may be up; will prepare queries and open connection pool
[2024-06-03 12:16:36,190] 1864 cassandra.cluster - INFO -Connection pools established for node e4d5a3c1-e93d-4762-b366-9ba2252f22f5-eu-west-1.db.astra.datastax.com:29042:190dafab-6970-3a67-a21c-1226360de7dc
[2024-06-03 12:16:37,523] 1864 cassandra.cluster - INFO -Connection pools established for node e4d5a3c1-e93d-4762-b366-9ba2252f22f5-eu-west-1.db.astra.datastax.com:29042:0750e59f-441b-37bb-b0a7-e097c5d725f7
[2024-06-03 12:16:39,065] 1864 cassandra.cluster - INFO -Connection pools established for node e4d5a3c1-e93d-4762-b366-9ba2252f22f5-eu-west-1.db.astra.datastax.com:29042:98a2cd7e-fa1b-3950-942e-42af495c4248
[2024-06-03 12:16:39,069] 1864 cassandra.cluster - INFO -Connection pools established for node e4d5a3c1-e93d-4762-b366-9ba2252f22f5-eu-west-1.db.astra.datastax.com:29042:0669df0f-031f-383e-b452-67a9679bbc6a
[2024-06-03 12:16:41,762] 1864 cassandra.cluster - INFO -Connection pools established for node e4d5a3c1-e93d-4762-b366-9ba2252f22f5-eu-west-1.db.astra.datastax.com:29042:00958fd0-af98-391f-9f51-7e3fe763da5c
[2024-06-03 12:16:41,787] 1864 cassandra.cluster - INFO -Connection pools established for node e4d5a3c1-e93d-4762-b366-9ba2252f22f5-eu-west-1.db.astra.datastax.com:29042:678e6a1d-e5b1-3cba-b949-7bfaf823957f
[2024-06-03 12:16:43,710] 2115 cassandra.cluster - INFO -New Cassandra host <Host: e4d5a3c1-e93d-4762-b366-9ba2252f22f5-eu-west-1.db.astra.datastax.com:29042:98a2cd7e-fa1b-3950-942e-42af495c4248 eu-west-1> discovered
[2024-06-03 12:16:43,711] 3863 cassandra.cluster - WARNING -Found multiple hosts with the same endpoint (e4d5a3c1-e93d-4762-b366-9ba2252f22f5-eu-west-1.db.astra.datastax.com:29042:0750e59f-441b-37bb-b0a7-e097c5d725f7). Excluding peer 10.0.0.8
[2024-06-03 12:16:43,711] 2126 cassandra.cluster - INFO -Cassandra host e4d5a3c1-e93d-4762-b366-9ba2252f22f5-eu-west-1.db.astra.datastax.com:29042:00694036-11ec-39fb-8238-d79afd9b0e46 removed
[2024-06-03 12:16:46,123] 3863 cassandra.cluster - WARNING -Found multiple hosts with the same endpoint (e4d5a3c1-e93d-4762-b366-9ba2252f22f5-eu-west-1.db.astra.datastax.com:29042:678e6a1d-e5b1-3cba-b949-7bfaf823957f). Excluding peer 10.0.0.4
[2024-06-03 12:16:46,825] 1864 cassandra.cluster - INFO -Connection pools established for node e4d5a3c1-e93d-4762-b366-9ba2252f22f5-eu-west-1.db.astra.datastax.com:29042:9e3a5bee-3d95-3bf7-90f5-09bd2177324b
[2024-06-03 12:16:49,214] 1864 cassandra.cluster - INFO -Connection pools established for node e4d5a3c1-e93d-4762-b366-9ba2252f22f5-eu-west-1.db.astra.datastax.com:29042:b4f6d9ed-0f1d-3f7a-82f1-a4a7ea4f84d4
[2024-06-03 12:16:58,668] 3863 cassandra.cluster - WARNING -Found multiple hosts with the same endpoint (e4d5a3c1-e93d-4762-b366-9ba2252f22f5-eu-west-1.db.astra.datastax.com:29042:b4f6d9ed-0f1d-3f7a-82f1-a4a7ea4f84d4). Excluding peer 10.0.0.9
[2024-06-03 12:26:35,233] 212 apscheduler.scheduler - INFO -Scheduler has been shut down
